ARM GAS  /tmp/ccipAlzX.s 			page 1


   1              		.cpu cortex-m4
   2              		.arch armv7e-m
   3              		.fpu fpv4-sp-d16
   4              		.eabi_attribute 27, 1
   5              		.eabi_attribute 28, 1
   6              		.eabi_attribute 20, 1
   7              		.eabi_attribute 21, 1
   8              		.eabi_attribute 23, 3
   9              		.eabi_attribute 24, 1
  10              		.eabi_attribute 25, 1
  11              		.eabi_attribute 26, 1
  12              		.eabi_attribute 30, 1
  13              		.eabi_attribute 34, 1
  14              		.eabi_attribute 18, 4
  15              		.file	"gpio.c"
  16              		.text
  17              		.section	.text.MX_GPIO_Init,"ax",%progbits
  18              		.align	1
  19              		.global	MX_GPIO_Init
  20              		.syntax unified
  21              		.thumb
  22              		.thumb_func
  24              	MX_GPIO_Init:
  25              		@ args = 0, pretend = 0, frame = 40
  26              		@ frame_needed = 0, uses_anonymous_args = 0
  27 0000 30B5     		push	{r4, r5, lr}
  28 0002 8BB0     		sub	sp, sp, #44
  29 0004 0024     		movs	r4, #0
  30 0006 0594     		str	r4, [sp, #20]
  31 0008 0694     		str	r4, [sp, #24]
  32 000a 0794     		str	r4, [sp, #28]
  33 000c 0894     		str	r4, [sp, #32]
  34 000e 0994     		str	r4, [sp, #36]
  35 0010 0194     		str	r4, [sp, #4]
  36 0012 1D4B     		ldr	r3, .L3
  37 0014 1A6B     		ldr	r2, [r3, #48]
  38 0016 42F08002 		orr	r2, r2, #128
  39 001a 1A63     		str	r2, [r3, #48]
  40 001c 1A6B     		ldr	r2, [r3, #48]
  41 001e 02F08002 		and	r2, r2, #128
  42 0022 0192     		str	r2, [sp, #4]
  43 0024 019A     		ldr	r2, [sp, #4]
  44 0026 0294     		str	r4, [sp, #8]
  45 0028 1A6B     		ldr	r2, [r3, #48]
  46 002a 42F00402 		orr	r2, r2, #4
  47 002e 1A63     		str	r2, [r3, #48]
  48 0030 1A6B     		ldr	r2, [r3, #48]
  49 0032 02F00402 		and	r2, r2, #4
  50 0036 0292     		str	r2, [sp, #8]
  51 0038 029A     		ldr	r2, [sp, #8]
  52 003a 0394     		str	r4, [sp, #12]
  53 003c 1A6B     		ldr	r2, [r3, #48]
  54 003e 42F00102 		orr	r2, r2, #1
  55 0042 1A63     		str	r2, [r3, #48]
  56 0044 1A6B     		ldr	r2, [r3, #48]
  57 0046 02F00102 		and	r2, r2, #1
  58 004a 0392     		str	r2, [sp, #12]
ARM GAS  /tmp/ccipAlzX.s 			page 2


  59 004c 039A     		ldr	r2, [sp, #12]
  60 004e 0494     		str	r4, [sp, #16]
  61 0050 1A6B     		ldr	r2, [r3, #48]
  62 0052 42F00202 		orr	r2, r2, #2
  63 0056 1A63     		str	r2, [r3, #48]
  64 0058 1B6B     		ldr	r3, [r3, #48]
  65 005a 03F00203 		and	r3, r3, #2
  66 005e 0493     		str	r3, [sp, #16]
  67 0060 049B     		ldr	r3, [sp, #16]
  68 0062 0A4D     		ldr	r5, .L3+4
  69 0064 2246     		mov	r2, r4
  70 0066 1021     		movs	r1, #16
  71 0068 2846     		mov	r0, r5
  72 006a FFF7FEFF 		bl	HAL_GPIO_WritePin
  73 006e 1023     		movs	r3, #16
  74 0070 0593     		str	r3, [sp, #20]
  75 0072 0123     		movs	r3, #1
  76 0074 0693     		str	r3, [sp, #24]
  77 0076 0794     		str	r4, [sp, #28]
  78 0078 0894     		str	r4, [sp, #32]
  79 007a 05A9     		add	r1, sp, #20
  80 007c 2846     		mov	r0, r5
  81 007e FFF7FEFF 		bl	HAL_GPIO_Init
  82 0082 0BB0     		add	sp, sp, #44
  83              		@ sp needed
  84 0084 30BD     		pop	{r4, r5, pc}
  85              	.L4:
  86 0086 00BF     		.align	2
  87              	.L3:
  88 0088 00380240 		.word	1073887232
  89 008c 00000240 		.word	1073872896
  91              		.ident	"GCC: (15:13.2.rel1-2) 13.2.1 20231009"
ARM GAS  /tmp/ccipAlzX.s 			page 3


DEFINED SYMBOLS
                            *ABS*:00000000 gpio.c
     /tmp/ccipAlzX.s:18     .text.MX_GPIO_Init:00000000 $t
     /tmp/ccipAlzX.s:24     .text.MX_GPIO_Init:00000000 MX_GPIO_Init
     /tmp/ccipAlzX.s:88     .text.MX_GPIO_Init:00000088 $d

UNDEFINED SYMBOLS
HAL_GPIO_WritePin
HAL_GPIO_Init
