ARM GAS  /tmp/cchZ6WXc.s 			page 1


   1              		.cpu cortex-m4
   2              		.arch armv7e-m
   3              		.fpu fpv4-sp-d16
   4              		.eabi_attribute 27, 1
   5              		.eabi_attribute 28, 1
   6              		.eabi_attribute 20, 1
   7              		.eabi_attribute 21, 1
   8              		.eabi_attribute 23, 3
   9              		.eabi_attribute 24, 1
  10              		.eabi_attribute 25, 1
  11              		.eabi_attribute 26, 1
  12              		.eabi_attribute 30, 1
  13              		.eabi_attribute 34, 1
  14              		.eabi_attribute 18, 4
  15              		.file	"neo-m8n.c"
  16              		.text
  17              		.section	.text.calcChecksum,"ax",%progbits
  18              		.align	1
  19              		.syntax unified
  20              		.thumb
  21              		.thumb_func
  23              	calcChecksum:
  24              		@ args = 0, pretend = 0, frame = 0
  25              		@ frame_needed = 0, uses_anonymous_args = 0
  26              		@ link register save eliminated.
  27 0000 0378     		ldrb	r3, [r0]	@ zero_extendqisi2
  28 0002 1A44     		add	r2, r2, r3
  29 0004 D2B2     		uxtb	r2, r2
  30 0006 0270     		strb	r2, [r0]
  31 0008 0B78     		ldrb	r3, [r1]	@ zero_extendqisi2
  32 000a 1A44     		add	r2, r2, r3
  33 000c 0A70     		strb	r2, [r1]
  34 000e 7047     		bx	lr
  36              		.section	.text.NEO_M8N_Init,"ax",%progbits
  37              		.align	1
  38              		.global	NEO_M8N_Init
  39              		.syntax unified
  40              		.thumb
  41              		.thumb_func
  43              	NEO_M8N_Init:
  44              		@ args = 0, pretend = 0, frame = 0
  45              		@ frame_needed = 0, uses_anonymous_args = 0
  46 0000 08B5     		push	{r3, lr}
  47 0002 0346     		mov	r3, r0
  48 0004 0846     		mov	r0, r1
  49 0006 1960     		str	r1, [r3]
  50 0008 0022     		movs	r2, #0
  51 000a 83F8C520 		strb	r2, [r3, #197]
  52 000e 83F86020 		strb	r2, [r3, #96]
  53 0012 6422     		movs	r2, #100
  54 0014 03F16101 		add	r1, r3, #97
  55 0018 FFF7FEFF 		bl	HAL_UARTEx_ReceiveToIdle_DMA
  56 001c 08BD     		pop	{r3, pc}
  58              		.section	.text.NEO_M8N_ParseBuffer,"ax",%progbits
  59              		.align	1
  60              		.global	NEO_M8N_ParseBuffer
  61              		.syntax unified
ARM GAS  /tmp/cchZ6WXc.s 			page 2


  62              		.thumb
  63              		.thumb_func
  65              	NEO_M8N_ParseBuffer:
  66              		@ args = 0, pretend = 0, frame = 0
  67              		@ frame_needed = 0, uses_anonymous_args = 0
  68 0000 70B5     		push	{r4, r5, r6, lr}
  69 0002 0546     		mov	r5, r0
  70 0004 0E46     		mov	r6, r1
  71 0006 0024     		movs	r4, #0
  72 0008 21E0     		b	.L5
  73              	.L16:
  74 000a B52A     		cmp	r2, #181
  75 000c 1DD1     		bne	.L6
  76 000e 0123     		movs	r3, #1
  77 0010 85F8C530 		strb	r3, [r5, #197]
  78 0014 19E0     		b	.L6
  79              	.L15:
  80 0016 622A     		cmp	r2, #98
  81 0018 03D0     		beq	.L25
  82 001a 0023     		movs	r3, #0
  83 001c 85F8C530 		strb	r3, [r5, #197]
  84 0020 13E0     		b	.L6
  85              	.L25:
  86 0022 0223     		movs	r3, #2
  87 0024 85F8C530 		strb	r3, [r5, #197]
  88 0028 0023     		movs	r3, #0
  89 002a 85F8CC30 		strb	r3, [r5, #204]
  90 002e 85F8CD30 		strb	r3, [r5, #205]
  91 0032 0AE0     		b	.L6
  92              	.L14:
  93 0034 85F8CA20 		strb	r2, [r5, #202]
  94 0038 05F1CD01 		add	r1, r5, #205
  95 003c 05F1CC00 		add	r0, r5, #204
  96 0040 FFF7FEFF 		bl	calcChecksum
  97 0044 0323     		movs	r3, #3
  98 0046 85F8C530 		strb	r3, [r5, #197]
  99              	.L6:
 100 004a 0134     		adds	r4, r4, #1
 101 004c A4B2     		uxth	r4, r4
 102              	.L5:
 103 004e B442     		cmp	r4, r6
 104 0050 80F08B80 		bcs	.L26
 105 0054 2B19     		adds	r3, r5, r4
 106 0056 93F86120 		ldrb	r2, [r3, #97]	@ zero_extendqisi2
 107 005a 95F8C530 		ldrb	r3, [r5, #197]	@ zero_extendqisi2
 108 005e 082B     		cmp	r3, #8
 109 0060 F3D8     		bhi	.L6
 110 0062 01A1     		adr	r1, .L8
 111 0064 51F823F0 		ldr	pc, [r1, r3, lsl #2]
 112              		.p2align 2
 113              	.L8:
 114 0068 0B000000 		.word	.L16+1
 115 006c 17000000 		.word	.L15+1
 116 0070 35000000 		.word	.L14+1
 117 0074 8D000000 		.word	.L13+1
 118 0078 A5000000 		.word	.L12+1
 119 007c BD000000 		.word	.L11+1
ARM GAS  /tmp/cchZ6WXc.s 			page 3


 120 0080 F3000000 		.word	.L10+1
 121 0084 21010000 		.word	.L9+1
 122 0088 39010000 		.word	.L7+1
 123              		.p2align 1
 124              	.L13:
 125 008c 85F8CB20 		strb	r2, [r5, #203]
 126 0090 05F1CD01 		add	r1, r5, #205
 127 0094 05F1CC00 		add	r0, r5, #204
 128 0098 FFF7FEFF 		bl	calcChecksum
 129 009c 0423     		movs	r3, #4
 130 009e 85F8C530 		strb	r3, [r5, #197]
 131 00a2 D2E7     		b	.L6
 132              	.L12:
 133 00a4 A5F8C620 		strh	r2, [r5, #198]	@ movhi
 134 00a8 05F1CD01 		add	r1, r5, #205
 135 00ac 05F1CC00 		add	r0, r5, #204
 136 00b0 FFF7FEFF 		bl	calcChecksum
 137 00b4 0523     		movs	r3, #5
 138 00b6 85F8C530 		strb	r3, [r5, #197]
 139 00ba C6E7     		b	.L6
 140              	.L11:
 141 00bc B5F8C630 		ldrh	r3, [r5, #198]
 142 00c0 43EA0223 		orr	r3, r3, r2, lsl #8
 143 00c4 A5F8C630 		strh	r3, [r5, #198]	@ movhi
 144 00c8 05F1CD01 		add	r1, r5, #205
 145 00cc 05F1CC00 		add	r0, r5, #204
 146 00d0 FFF7FEFF 		bl	calcChecksum
 147 00d4 0023     		movs	r3, #0
 148 00d6 A5F8C830 		strh	r3, [r5, #200]	@ movhi
 149 00da B5F8C630 		ldrh	r3, [r5, #198]
 150 00de 5C2B     		cmp	r3, #92
 151 00e0 03D9     		bls	.L18
 152 00e2 0023     		movs	r3, #0
 153 00e4 85F8C530 		strb	r3, [r5, #197]
 154 00e8 AFE7     		b	.L6
 155              	.L18:
 156 00ea 0623     		movs	r3, #6
 157 00ec 85F8C530 		strb	r3, [r5, #197]
 158 00f0 ABE7     		b	.L6
 159              	.L10:
 160 00f2 2B1D     		adds	r3, r5, #4
 161 00f4 B5F8C810 		ldrh	r1, [r5, #200]
 162 00f8 481C     		adds	r0, r1, #1
 163 00fa A5F8C800 		strh	r0, [r5, #200]	@ movhi
 164 00fe 5A54     		strb	r2, [r3, r1]
 165 0100 05F1CD01 		add	r1, r5, #205
 166 0104 05F1CC00 		add	r0, r5, #204
 167 0108 FFF7FEFF 		bl	calcChecksum
 168 010c B5F8C820 		ldrh	r2, [r5, #200]
 169 0110 B5F8C630 		ldrh	r3, [r5, #198]
 170 0114 9A42     		cmp	r2, r3
 171 0116 98D3     		bcc	.L6
 172 0118 0723     		movs	r3, #7
 173 011a 85F8C530 		strb	r3, [r5, #197]
 174 011e 94E7     		b	.L6
 175              	.L9:
 176 0120 95F8CC30 		ldrb	r3, [r5, #204]	@ zero_extendqisi2
ARM GAS  /tmp/cchZ6WXc.s 			page 4


 177 0124 9342     		cmp	r3, r2
 178 0126 03D0     		beq	.L27
 179 0128 0023     		movs	r3, #0
 180 012a 85F8C530 		strb	r3, [r5, #197]
 181 012e 8CE7     		b	.L6
 182              	.L27:
 183 0130 0823     		movs	r3, #8
 184 0132 85F8C530 		strb	r3, [r5, #197]
 185 0136 88E7     		b	.L6
 186              	.L7:
 187 0138 95F8CD30 		ldrb	r3, [r5, #205]	@ zero_extendqisi2
 188 013c 9342     		cmp	r3, r2
 189 013e 03D0     		beq	.L28
 190              	.L20:
 191 0140 0023     		movs	r3, #0
 192 0142 85F8C530 		strb	r3, [r5, #197]
 193 0146 80E7     		b	.L6
 194              	.L28:
 195 0148 B5F8CA20 		ldrh	r2, [r5, #202]
 196 014c 40F20173 		movw	r3, #1793
 197 0150 9A42     		cmp	r2, r3
 198 0152 F5D1     		bne	.L20
 199 0154 2B7E     		ldrb	r3, [r5, #24]	@ zero_extendqisi2
 200 0156 032B     		cmp	r3, #3
 201 0158 03D0     		beq	.L29
 202 015a 0023     		movs	r3, #0
 203 015c 85F86030 		strb	r3, [r5, #96]
 204 0160 EEE7     		b	.L20
 205              	.L29:
 206 0162 0123     		movs	r3, #1
 207 0164 85F86030 		strb	r3, [r5, #96]
 208 0168 EAE7     		b	.L20
 209              	.L26:
 210 016a 70BD     		pop	{r4, r5, r6, pc}
 212              		.global	gps_2
 213              		.section	.bss.gps_2,"aw",%nobits
 214              		.align	2
 217              	gps_2:
 218 0000 00000000 		.space	208
 218      00000000 
 218      00000000 
 218      00000000 
 218      00000000 
 219              		.global	gps_1
 220              		.section	.bss.gps_1,"aw",%nobits
 221              		.align	2
 224              	gps_1:
 225 0000 00000000 		.space	208
 225      00000000 
 225      00000000 
 225      00000000 
 225      00000000 
 226              		.ident	"GCC: (15:13.2.rel1-2) 13.2.1 20231009"
ARM GAS  /tmp/cchZ6WXc.s 			page 5


DEFINED SYMBOLS
                            *ABS*:00000000 neo-m8n.c
     /tmp/cchZ6WXc.s:18     .text.calcChecksum:00000000 $t
     /tmp/cchZ6WXc.s:23     .text.calcChecksum:00000000 calcChecksum
     /tmp/cchZ6WXc.s:37     .text.NEO_M8N_Init:00000000 $t
     /tmp/cchZ6WXc.s:43     .text.NEO_M8N_Init:00000000 NEO_M8N_Init
     /tmp/cchZ6WXc.s:59     .text.NEO_M8N_ParseBuffer:00000000 $t
     /tmp/cchZ6WXc.s:65     .text.NEO_M8N_ParseBuffer:00000000 NEO_M8N_ParseBuffer
     /tmp/cchZ6WXc.s:114    .text.NEO_M8N_ParseBuffer:00000068 $d
     /tmp/cchZ6WXc.s:123    .text.NEO_M8N_ParseBuffer:0000008c $t
     /tmp/cchZ6WXc.s:217    .bss.gps_2:00000000 gps_2
     /tmp/cchZ6WXc.s:214    .bss.gps_2:00000000 $d
     /tmp/cchZ6WXc.s:224    .bss.gps_1:00000000 gps_1
     /tmp/cchZ6WXc.s:221    .bss.gps_1:00000000 $d

UNDEFINED SYMBOLS
HAL_UARTEx_ReceiveToIdle_DMA
